<?xml version="1.0" encoding="UTF-8"?>
<!-- Generated by org.testng.reporters.JUnitReportReporter -->
<testsuite skipped="0" hostname="DESKTOP-JMQ2B6F" name="cn.exrick.xboot.TestNGTest" tests="1" failures="0" timestamp="2022-08-05T15:57:21 CST" time="0.012" errors="0">
  <testcase name="passTest" time="0.012" classname="cn.exrick.xboot.TestNGTest"/>
  <system-out/>
</testsuite> <!-- cn.exrick.xboot.TestNGTest -->
