<?xml version="1.0" encoding="UTF-8"?>
<testsuite xmlns:xsi="http://www.w3.org/2001/XMLSchema-instance" xsi:noNamespaceSchemaLocation="https://maven.apache.org/surefire/maven-surefire-plugin/xsd/surefire-test-report.xsd" name="TestSuite" time="1.413" tests="1" errors="0" skipped="0" failures="0">
  <properties>
    <property name="sun.desktop" value="windows"/>
    <property name="awt.toolkit" value="sun.awt.windows.WToolkit"/>
    <property name="file.encoding.pkg" value="sun.io"/>
    <property name="java.specification.version" value="1.8"/>
    <property name="sun.cpu.isalist" value="amd64"/>
    <property name="sun.jnu.encoding" value="GBK"/>
    <property name="java.class.path" value="F:\git_workspaces\xboot-plus-commercial\xboot-plus-back\target\test-classes;F:\git_workspaces\xboot-plus-commercial\xboot-plus-back\target\classes;D:\maven\repository\org\springframework\boot\spring-boot-starter-web\2.5.12\spring-boot-starter-web-2.5.12.jar;D:\maven\repository\org\springframework\boot\spring-boot-starter\2.5.12\spring-boot-starter-2.5.12.jar;D:\maven\repository\org\springframework\boot\spring-boot-starter-logging\2.5.12\spring-boot-starter-logging-2.5.12.jar;D:\maven\repository\ch\qos\logback\logback-classic\1.2.11\logback-classic-1.2.11.jar;D:\maven\repository\ch\qos\logback\logback-core\1.2.11\logback-core-1.2.11.jar;D:\maven\repository\org\apache\logging\log4j\log4j-to-slf4j\2.17.2\log4j-to-slf4j-2.17.2.jar;D:\maven\repository\org\apache\logging\log4j\log4j-api\2.17.2\log4j-api-2.17.2.jar;D:\maven\repository\org\slf4j\jul-to-slf4j\1.7.36\jul-to-slf4j-1.7.36.jar;D:\maven\repository\jakarta\annotation\jakarta.annotation-api\1.3.5\jakarta.annotation-api-1.3.5.jar;D:\maven\repository\org\yaml\snakeyaml\1.28\snakeyaml-1.28.jar;D:\maven\repository\org\springframework\boot\spring-boot-starter-json\2.5.12\spring-boot-starter-json-2.5.12.jar;D:\maven\repository\com\fasterxml\jackson\datatype\jackson-datatype-jdk8\2.12.6\jackson-datatype-jdk8-2.12.6.jar;D:\maven\repository\com\fasterxml\jackson\datatype\jackson-datatype-jsr310\2.12.6\jackson-datatype-jsr310-2.12.6.jar;D:\maven\repository\com\fasterxml\jackson\module\jackson-module-parameter-names\2.12.6\jackson-module-parameter-names-2.12.6.jar;D:\maven\repository\org\springframework\boot\spring-boot-starter-tomcat\2.5.12\spring-boot-starter-tomcat-2.5.12.jar;D:\maven\repository\org\apache\tomcat\embed\tomcat-embed-core\9.0.60\tomcat-embed-core-9.0.60.jar;D:\maven\repository\org\apache\tomcat\embed\tomcat-embed-websocket\9.0.60\tomcat-embed-websocket-9.0.60.jar;D:\maven\repository\org\springframework\spring-web\5.3.18\spring-web-5.3.18.jar;D:\maven\repository\org\springframework\spring-webmvc\5.3.18\spring-webmvc-5.3.18.jar;D:\maven\repository\org\springframework\spring-expression\5.3.18\spring-expression-5.3.18.jar;D:\maven\repository\org\springframework\boot\spring-boot-starter-validation\2.5.12\spring-boot-starter-validation-2.5.12.jar;D:\maven\repository\org\apache\tomcat\embed\tomcat-embed-el\9.0.60\tomcat-embed-el-9.0.60.jar;D:\maven\repository\org\hibernate\validator\hibernate-validator\6.2.3.Final\hibernate-validator-6.2.3.Final.jar;D:\maven\repository\jakarta\validation\jakarta.validation-api\2.0.2\jakarta.validation-api-2.0.2.jar;D:\maven\repository\org\jboss\logging\jboss-logging\3.4.3.Final\jboss-logging-3.4.3.Final.jar;D:\maven\repository\com\fasterxml\classmate\1.5.1\classmate-1.5.1.jar;D:\maven\repository\org\springframework\boot\spring-boot-starter-security\2.5.12\spring-boot-starter-security-2.5.12.jar;D:\maven\repository\org\springframework\spring-aop\5.3.18\spring-aop-5.3.18.jar;D:\maven\repository\org\springframework\security\spring-security-config\5.5.5\spring-security-config-5.5.5.jar;D:\maven\repository\org\springframework\security\spring-security-core\5.5.5\spring-security-core-5.5.5.jar;D:\maven\repository\org\springframework\security\spring-security-web\5.5.5\spring-security-web-5.5.5.jar;D:\maven\repository\org\springframework\boot\spring-boot-starter-aop\2.5.12\spring-boot-starter-aop-2.5.12.jar;D:\maven\repository\org\aspectj\aspectjweaver\1.9.7\aspectjweaver-1.9.7.jar;D:\maven\repository\org\springframework\boot\spring-boot-starter-actuator\2.5.12\spring-boot-starter-actuator-2.5.12.jar;D:\maven\repository\org\springframework\boot\spring-boot-actuator-autoconfigure\2.5.12\spring-boot-actuator-autoconfigure-2.5.12.jar;D:\maven\repository\org\springframework\boot\spring-boot-actuator\2.5.12\spring-boot-actuator-2.5.12.jar;D:\maven\repository\io\micrometer\micrometer-core\1.7.10\micrometer-core-1.7.10.jar;D:\maven\repository\org\hdrhistogram\HdrHistogram\2.1.12\HdrHistogram-2.1.12.jar;D:\maven\repository\org\latencyutils\LatencyUtils\2.0.3\LatencyUtils-2.0.3.jar;D:\maven\repository\de\codecentric\spring-boot-admin-starter-server\2.6.6\spring-boot-admin-starter-server-2.6.6.jar;D:\maven\repository\de\codecentric\spring-boot-admin-server\2.6.6\spring-boot-admin-server-2.6.6.jar;D:\maven\repository\org\springframework\boot\spring-boot-starter-webflux\2.5.12\spring-boot-starter-webflux-2.5.12.jar;D:\maven\repository\org\springframework\boot\spring-boot-starter-reactor-netty\2.5.12\spring-boot-starter-reactor-netty-2.5.12.jar;D:\maven\repository\io\projectreactor\netty\reactor-netty-http\1.0.17\reactor-netty-http-1.0.17.jar;D:\maven\repository\io\netty\netty-codec-http2\4.1.75.Final\netty-codec-http2-4.1.75.Final.jar;D:\maven\repository\io\netty\netty-resolver-dns-native-macos\4.1.75.Final\netty-resolver-dns-native-macos-4.1.75.Final-osx-x86_64.jar;D:\maven\repository\io\netty\netty-resolver-dns-classes-macos\4.1.75.Final\netty-resolver-dns-classes-macos-4.1.75.Final.jar;D:\maven\repository\io\netty\netty-transport-native-epoll\4.1.75.Final\netty-transport-native-epoll-4.1.75.Final-linux-x86_64.jar;D:\maven\repository\io\netty\netty-transport-native-unix-common\4.1.75.Final\netty-transport-native-unix-common-4.1.75.Final.jar;D:\maven\repository\io\netty\netty-transport-classes-epoll\4.1.75.Final\netty-transport-classes-epoll-4.1.75.Final.jar;D:\maven\repository\io\projectreactor\netty\reactor-netty-core\1.0.17\reactor-netty-core-1.0.17.jar;D:\maven\repository\io\netty\netty-handler-proxy\4.1.75.Final\netty-handler-proxy-4.1.75.Final.jar;D:\maven\repository\io\netty\netty-codec-socks\4.1.75.Final\netty-codec-socks-4.1.75.Final.jar;D:\maven\repository\org\springframework\spring-webflux\5.3.18\spring-webflux-5.3.18.jar;D:\maven\repository\io\projectreactor\addons\reactor-extra\3.4.7\reactor-extra-3.4.7.jar;D:\maven\repository\de\codecentric\spring-boot-admin-server-ui\2.6.6\spring-boot-admin-server-ui-2.6.6.jar;D:\maven\repository\de\codecentric\spring-boot-admin-server-cloud\2.6.6\spring-boot-admin-server-cloud-2.6.6.jar;D:\maven\repository\de\codecentric\spring-boot-admin-starter-client\2.6.6\spring-boot-admin-starter-client-2.6.6.jar;D:\maven\repository\de\codecentric\spring-boot-admin-client\2.6.6\spring-boot-admin-client-2.6.6.jar;D:\maven\repository\org\springframework\boot\spring-boot-starter-thymeleaf\2.5.12\spring-boot-starter-thymeleaf-2.5.12.jar;D:\maven\repository\org\thymeleaf\thymeleaf-spring5\3.0.15.RELEASE\thymeleaf-spring5-3.0.15.RELEASE.jar;D:\maven\repository\org\thymeleaf\thymeleaf\3.0.15.RELEASE\thymeleaf-3.0.15.RELEASE.jar;D:\maven\repository\org\attoparser\attoparser\2.0.5.RELEASE\attoparser-2.0.5.RELEASE.jar;D:\maven\repository\org\unbescape\unbescape\1.1.6.RELEASE\unbescape-1.1.6.RELEASE.jar;D:\maven\repository\org\thymeleaf\extras\thymeleaf-extras-java8time\3.0.4.RELEASE\thymeleaf-extras-java8time-3.0.4.RELEASE.jar;D:\maven\repository\org\springframework\boot\spring-boot-starter-mail\2.5.12\spring-boot-starter-mail-2.5.12.jar;D:\maven\repository\org\springframework\spring-context-support\5.3.18\spring-context-support-5.3.18.jar;D:\maven\repository\com\sun\mail\jakarta.mail\1.6.7\jakarta.mail-1.6.7.jar;D:\maven\repository\com\sun\activation\jakarta.activation\1.2.2\jakarta.activation-1.2.2.jar;D:\maven\repository\com\alibaba\druid-spring-boot-starter\1.2.8\druid-spring-boot-starter-1.2.8.jar;D:\maven\repository\com\alibaba\druid\1.2.8\druid-1.2.8.jar;D:\maven\repository\org\slf4j\slf4j-api\1.7.36\slf4j-api-1.7.36.jar;D:\maven\repository\org\springframework\boot\spring-boot-autoconfigure\2.5.12\spring-boot-autoconfigure-2.5.12.jar;D:\maven\repository\org\springframework\boot\spring-boot-starter-quartz\2.5.12\spring-boot-starter-quartz-2.5.12.jar;D:\maven\repository\org\springframework\spring-tx\5.3.18\spring-tx-5.3.18.jar;D:\maven\repository\org\quartz-scheduler\quartz\2.3.2\quartz-2.3.2.jar;D:\maven\repository\com\mchange\mchange-commons-java\0.2.15\mchange-commons-java-0.2.15.jar;D:\maven\repository\io\jsonwebtoken\jjwt\0.9.1\jjwt-0.9.1.jar;D:\maven\repository\com\fasterxml\jackson\core\jackson-databind\2.12.6.1\jackson-databind-2.12.6.1.jar;D:\maven\repository\mysql\mysql-connector-java\5.1.49\mysql-connector-java-5.1.49.jar;D:\maven\repository\org\springframework\boot\spring-boot-starter-data-jpa\2.5.12\spring-boot-starter-data-jpa-2.5.12.jar;D:\maven\repository\org\springframework\boot\spring-boot-starter-jdbc\2.5.12\spring-boot-starter-jdbc-2.5.12.jar;D:\maven\repository\com\zaxxer\HikariCP\4.0.3\HikariCP-4.0.3.jar;D:\maven\repository\org\springframework\spring-jdbc\5.3.18\spring-jdbc-5.3.18.jar;D:\maven\repository\jakarta\transaction\jakarta.transaction-api\1.3.3\jakarta.transaction-api-1.3.3.jar;D:\maven\repository\jakarta\persistence\jakarta.persistence-api\2.2.3\jakarta.persistence-api-2.2.3.jar;D:\maven\repository\org\hibernate\hibernate-core\5.4.33\hibernate-core-5.4.33.jar;D:\maven\repository\org\javassist\javassist\3.27.0-GA\javassist-3.27.0-GA.jar;D:\maven\repository\net\bytebuddy\byte-buddy\1.10.22\byte-buddy-1.10.22.jar;D:\maven\repository\antlr\antlr\2.7.7\antlr-2.7.7.jar;D:\maven\repository\org\jboss\jandex\2.2.3.Final\jandex-2.2.3.Final.jar;D:\maven\repository\org\dom4j\dom4j\2.1.3\dom4j-2.1.3.jar;D:\maven\repository\org\hibernate\common\hibernate-commons-annotations\5.1.2.Final\hibernate-commons-annotations-5.1.2.Final.jar;D:\maven\repository\org\glassfish\jaxb\jaxb-runtime\2.3.6\jaxb-runtime-2.3.6.jar;D:\maven\repository\jakarta\xml\bind\jakarta.xml.bind-api\2.3.3\jakarta.xml.bind-api-2.3.3.jar;D:\maven\repository\org\glassfish\jaxb\txw2\2.3.6\txw2-2.3.6.jar;D:\maven\repository\com\sun\istack\istack-commons-runtime\3.0.12\istack-commons-runtime-3.0.12.jar;D:\maven\repository\org\springframework\data\spring-data-jpa\2.5.10\spring-data-jpa-2.5.10.jar;D:\maven\repository\org\springframework\data\spring-data-commons\2.5.10\spring-data-commons-2.5.10.jar;D:\maven\repository\org\springframework\spring-orm\5.3.18\spring-orm-5.3.18.jar;D:\maven\repository\org\springframework\spring-aspects\5.3.18\spring-aspects-5.3.18.jar;D:\maven\repository\org\springframework\boot\spring-boot-starter-websocket\2.5.12\spring-boot-starter-websocket-2.5.12.jar;D:\maven\repository\org\springframework\spring-messaging\5.3.18\spring-messaging-5.3.18.jar;D:\maven\repository\org\springframework\spring-websocket\5.3.18\spring-websocket-5.3.18.jar;D:\maven\repository\com\baomidou\mybatis-plus-boot-starter\3.5.1\mybatis-plus-boot-starter-3.5.1.jar;D:\maven\repository\com\baomidou\mybatis-plus\3.5.1\mybatis-plus-3.5.1.jar;D:\maven\repository\com\baomidou\mybatis-plus-extension\3.5.1\mybatis-plus-extension-3.5.1.jar;D:\maven\repository\com\baomidou\mybatis-plus-core\3.5.1\mybatis-plus-core-3.5.1.jar;D:\maven\repository\com\baomidou\mybatis-plus-annotation\3.5.1\mybatis-plus-annotation-3.5.1.jar;D:\maven\repository\com\github\jsqlparser\jsqlparser\4.3\jsqlparser-4.3.jar;D:\maven\repository\org\mybatis\mybatis\3.5.9\mybatis-3.5.9.jar;D:\maven\repository\org\mybatis\mybatis-spring\2.0.6\mybatis-spring-2.0.6.jar;D:\maven\repository\org\springframework\boot\spring-boot-starter-data-redis\2.5.12\spring-boot-starter-data-redis-2.5.12.jar;D:\maven\repository\org\springframework\data\spring-data-redis\2.5.10\spring-data-redis-2.5.10.jar;D:\maven\repository\org\springframework\data\spring-data-keyvalue\2.5.10\spring-data-keyvalue-2.5.10.jar;D:\maven\repository\org\springframework\spring-oxm\5.3.18\spring-oxm-5.3.18.jar;D:\maven\repository\io\lettuce\lettuce-core\6.1.8.RELEASE\lettuce-core-6.1.8.RELEASE.jar;D:\maven\repository\io\netty\netty-common\4.1.75.Final\netty-common-4.1.75.Final.jar;D:\maven\repository\io\netty\netty-handler\4.1.75.Final\netty-handler-4.1.75.Final.jar;D:\maven\repository\io\netty\netty-transport\4.1.75.Final\netty-transport-4.1.75.Final.jar;D:\maven\repository\io\projectreactor\reactor-core\3.4.16\reactor-core-3.4.16.jar;D:\maven\repository\org\redisson\redisson-spring-boot-starter\3.16.8\redisson-spring-boot-starter-3.16.8.jar;D:\maven\repository\org\redisson\redisson\3.16.8\redisson-3.16.8.jar;D:\maven\repository\io\netty\netty-codec\4.1.75.Final\netty-codec-4.1.75.Final.jar;D:\maven\repository\io\netty\netty-buffer\4.1.75.Final\netty-buffer-4.1.75.Final.jar;D:\maven\repository\io\netty\netty-resolver\4.1.75.Final\netty-resolver-4.1.75.Final.jar;D:\maven\repository\io\netty\netty-resolver-dns\4.1.75.Final\netty-resolver-dns-4.1.75.Final.jar;D:\maven\repository\io\netty\netty-codec-dns\4.1.75.Final\netty-codec-dns-4.1.75.Final.jar;D:\maven\repository\javax\cache\cache-api\1.1.1\cache-api-1.1.1.jar;D:\maven\repository\org\reactivestreams\reactive-streams\1.0.3\reactive-streams-1.0.3.jar;D:\maven\repository\io\reactivex\rxjava3\rxjava\3.0.12\rxjava-3.0.12.jar;D:\maven\repository\org\jboss\marshalling\jboss-marshalling\2.0.11.Final\jboss-marshalling-2.0.11.Final.jar;D:\maven\repository\org\jboss\marshalling\jboss-marshalling-river\2.0.11.Final\jboss-marshalling-river-2.0.11.Final.jar;D:\maven\repository\com\fasterxml\jackson\dataformat\jackson-dataformat-yaml\2.12.6\jackson-dataformat-yaml-2.12.6.jar;D:\maven\repository\org\jodd\jodd-bean\5.1.6\jodd-bean-5.1.6.jar;D:\maven\repository\org\jodd\jodd-core\5.1.6\jodd-core-5.1.6.jar;D:\maven\repository\org\redisson\redisson-spring-data-25\3.16.8\redisson-spring-data-25-3.16.8.jar;D:\maven\repository\org\springframework\boot\spring-boot-starter-data-elasticsearch\2.5.12\spring-boot-starter-data-elasticsearch-2.5.12.jar;D:\maven\repository\org\springframework\data\spring-data-elasticsearch\4.2.10\spring-data-elasticsearch-4.2.10.jar;D:\maven\repository\org\elasticsearch\plugin\transport-netty4-client\7.12.1\transport-netty4-client-7.12.1.jar;D:\maven\repository\io\netty\netty-codec-http\4.1.75.Final\netty-codec-http-4.1.75.Final.jar;D:\maven\repository\org\elasticsearch\client\elasticsearch-rest-high-level-client\7.12.1\elasticsearch-rest-high-level-client-7.12.1.jar;D:\maven\repository\org\elasticsearch\elasticsearch\7.12.1\elasticsearch-7.12.1.jar;D:\maven\repository\org\elasticsearch\elasticsearch-core\7.12.1\elasticsearch-core-7.12.1.jar;D:\maven\repository\org\elasticsearch\elasticsearch-secure-sm\7.12.1\elasticsearch-secure-sm-7.12.1.jar;D:\maven\repository\org\elasticsearch\elasticsearch-x-content\7.12.1\elasticsearch-x-content-7.12.1.jar;D:\maven\repository\com\fasterxml\jackson\dataformat\jackson-dataformat-smile\2.12.6\jackson-dataformat-smile-2.12.6.jar;D:\maven\repository\com\fasterxml\jackson\dataformat\jackson-dataformat-cbor\2.12.6\jackson-dataformat-cbor-2.12.6.jar;D:\maven\repository\org\elasticsearch\elasticsearch-geo\7.12.1\elasticsearch-geo-7.12.1.jar;D:\maven\repository\org\apache\lucene\lucene-core\8.8.0\lucene-core-8.8.0.jar;D:\maven\repository\org\apache\lucene\lucene-analyzers-common\8.8.0\lucene-analyzers-common-8.8.0.jar;D:\maven\repository\org\apache\lucene\lucene-backward-codecs\8.8.0\lucene-backward-codecs-8.8.0.jar;D:\maven\repository\org\apache\lucene\lucene-grouping\8.8.0\lucene-grouping-8.8.0.jar;D:\maven\repository\org\apache\lucene\lucene-highlighter\8.8.0\lucene-highlighter-8.8.0.jar;D:\maven\repository\org\apache\lucene\lucene-join\8.8.0\lucene-join-8.8.0.jar;D:\maven\repository\org\apache\lucene\lucene-memory\8.8.0\lucene-memory-8.8.0.jar;D:\maven\repository\org\apache\lucene\lucene-misc\8.8.0\lucene-misc-8.8.0.jar;D:\maven\repository\org\apache\lucene\lucene-queries\8.8.0\lucene-queries-8.8.0.jar;D:\maven\repository\org\apache\lucene\lucene-queryparser\8.8.0\lucene-queryparser-8.8.0.jar;D:\maven\repository\org\apache\lucene\lucene-sandbox\8.8.0\lucene-sandbox-8.8.0.jar;D:\maven\repository\org\apache\lucene\lucene-spatial-extras\8.8.0\lucene-spatial-extras-8.8.0.jar;D:\maven\repository\org\apache\lucene\lucene-spatial3d\8.8.0\lucene-spatial3d-8.8.0.jar;D:\maven\repository\org\apache\lucene\lucene-suggest\8.8.0\lucene-suggest-8.8.0.jar;D:\maven\repository\org\elasticsearch\elasticsearch-cli\7.12.1\elasticsearch-cli-7.12.1.jar;D:\maven\repository\net\sf\jopt-simple\jopt-simple\5.0.2\jopt-simple-5.0.2.jar;D:\maven\repository\com\carrotsearch\hppc\0.8.1\hppc-0.8.1.jar;D:\maven\repository\com\tdunning\t-digest\3.2\t-digest-3.2.jar;D:\maven\repository\org\elasticsearch\jna\5.7.0-1\jna-5.7.0-1.jar;D:\maven\repository\org\elasticsearch\elasticsearch-plugin-classloader\7.12.1\elasticsearch-plugin-classloader-7.12.1.jar;D:\maven\repository\org\elasticsearch\client\elasticsearch-rest-client\7.12.1\elasticsearch-rest-client-7.12.1.jar;D:\maven\repository\org\apache\httpcomponents\httpasyncclient\4.1.5\httpasyncclient-4.1.5.jar;D:\maven\repository\org\apache\httpcomponents\httpcore-nio\4.4.15\httpcore-nio-4.4.15.jar;D:\maven\repository\org\elasticsearch\plugin\mapper-extras-client\7.12.1\mapper-extras-client-7.12.1.jar;D:\maven\repository\org\elasticsearch\plugin\parent-join-client\7.12.1\parent-join-client-7.12.1.jar;D:\maven\repository\org\elasticsearch\plugin\aggs-matrix-stats-client\7.12.1\aggs-matrix-stats-client-7.12.1.jar;D:\maven\repository\org\elasticsearch\plugin\rank-eval-client\7.12.1\rank-eval-client-7.12.1.jar;D:\maven\repository\org\elasticsearch\plugin\lang-mustache-client\7.12.1\lang-mustache-client-7.12.1.jar;D:\maven\repository\com\github\spullara\mustache\java\compiler\0.9.6\compiler-0.9.6.jar;D:\maven\repository\com\github\xiaoymin\knife4j-spring-boot-starter\2.0.9\knife4j-spring-boot-starter-2.0.9.jar;D:\maven\repository\com\github\xiaoymin\knife4j-spring-boot-autoconfigure\2.0.9\knife4j-spring-boot-autoconfigure-2.0.9.jar;D:\maven\repository\com\github\xiaoymin\knife4j-spring\2.0.9\knife4j-spring-2.0.9.jar;D:\maven\repository\com\github\xiaoymin\knife4j-annotations\2.0.9\knife4j-annotations-2.0.9.jar;D:\maven\repository\com\github\xiaoymin\knife4j-core\2.0.9\knife4j-core-2.0.9.jar;D:\maven\repository\io\swagger\swagger-models\1.5.22\swagger-models-1.5.22.jar;D:\maven\repository\io\swagger\swagger-annotations\1.5.22\swagger-annotations-1.5.22.jar;D:\maven\repository\io\springfox\springfox-swagger2\2.10.5\springfox-swagger2-2.10.5.jar;D:\maven\repository\io\springfox\springfox-spi\2.10.5\springfox-spi-2.10.5.jar;D:\maven\repository\io\springfox\springfox-core\2.10.5\springfox-core-2.10.5.jar;D:\maven\repository\io\springfox\springfox-schema\2.10.5\springfox-schema-2.10.5.jar;D:\maven\repository\io\springfox\springfox-swagger-common\2.10.5\springfox-swagger-common-2.10.5.jar;D:\maven\repository\io\springfox\springfox-spring-web\2.10.5\springfox-spring-web-2.10.5.jar;D:\maven\repository\io\github\classgraph\classgraph\4.1.7\classgraph-4.1.7.jar;D:\maven\repository\org\springframework\plugin\spring-plugin-core\2.0.0.RELEASE\spring-plugin-core-2.0.0.RELEASE.jar;D:\maven\repository\org\springframework\plugin\spring-plugin-metadata\2.0.0.RELEASE\spring-plugin-metadata-2.0.0.RELEASE.jar;D:\maven\repository\org\mapstruct\mapstruct\1.3.1.Final\mapstruct-1.3.1.Final.jar;D:\maven\repository\io\springfox\springfox-bean-validators\2.10.5\springfox-bean-validators-2.10.5.jar;D:\maven\repository\io\springfox\springfox-spring-webmvc\2.10.5\springfox-spring-webmvc-2.10.5.jar;D:\maven\repository\com\github\xiaoymin\knife4j-spring-ui\2.0.9\knife4j-spring-ui-2.0.9.jar;D:\maven\repository\com\google\code\gson\gson\2.8.9\gson-2.8.9.jar;D:\maven\repository\cn\hutool\hutool-all\5.7.22\hutool-all-5.7.22.jar;D:\maven\repository\org\projectlombok\lombok\1.18.22\lombok-1.18.22.jar;D:\maven\repository\com\github\ulisesbocchio\jasypt-spring-boot-starter\3.0.4\jasypt-spring-boot-starter-3.0.4.jar;D:\maven\repository\com\github\ulisesbocchio\jasypt-spring-boot\3.0.4\jasypt-spring-boot-3.0.4.jar;D:\maven\repository\org\jasypt\jasypt\1.9.3\jasypt-1.9.3.jar;D:\maven\repository\com\ibeetl\beetl\2.9.10\beetl-2.9.10.jar;D:\maven\repository\org\antlr\antlr4\4.8\antlr4-4.8.jar;D:\maven\repository\org\antlr\antlr4-runtime\4.8\antlr4-runtime-4.8.jar;D:\maven\repository\org\antlr\antlr-runtime\3.5.2\antlr-runtime-3.5.2.jar;D:\maven\repository\org\antlr\ST4\4.3\ST4-4.3.jar;D:\maven\repository\org\abego\treelayout\org.abego.treelayout.core\1.0.3\org.abego.treelayout.core-1.0.3.jar;D:\maven\repository\org\glassfish\javax.json\1.0.4\javax.json-1.0.4.jar;D:\maven\repository\com\ibm\icu\icu4j\61.1\icu4j-61.1.jar;D:\maven\repository\io\minio\minio\8.3.6\minio-8.3.6.jar;D:\maven\repository\com\carrotsearch\thirdparty\simple-xml-safe\2.7.1\simple-xml-safe-2.7.1.jar;D:\maven\repository\com\google\guava\guava\30.1.1-jre\guava-30.1.1-jre.jar;D:\maven\repository\com\google\guava\failureaccess\1.0.1\failureaccess-1.0.1.jar;D:\maven\repository\com\google\guava\listenablefuture\9999.0-empty-to-avoid-conflict-with-guava\listenablefuture-9999.0-empty-to-avoid-conflict-with-guava.jar;D:\maven\repository\com\google\code\findbugs\jsr305\3.0.2\jsr305-3.0.2.jar;D:\maven\repository\org\checkerframework\checker-qual\3.8.0\checker-qual-3.8.0.jar;D:\maven\repository\com\google\errorprone\error_prone_annotations\2.5.1\error_prone_annotations-2.5.1.jar;D:\maven\repository\com\google\j2objc\j2objc-annotations\1.3\j2objc-annotations-1.3.jar;D:\maven\repository\com\squareup\okhttp3\okhttp\3.14.9\okhttp-3.14.9.jar;D:\maven\repository\com\fasterxml\jackson\core\jackson-annotations\2.12.6\jackson-annotations-2.12.6.jar;D:\maven\repository\com\fasterxml\jackson\core\jackson-core\2.12.6\jackson-core-2.12.6.jar;D:\maven\repository\org\bouncycastle\bcprov-jdk15on\1.69\bcprov-jdk15on-1.69.jar;D:\maven\repository\org\apache\commons\commons-compress\1.21\commons-compress-1.21.jar;D:\maven\repository\org\xerial\snappy\snappy-java\1.1.8.4\snappy-java-1.1.8.4.jar;D:\maven\repository\com\qiniu\qiniu-java-sdk\7.9.3\qiniu-java-sdk-7.9.3.jar;D:\maven\repository\com\aliyun\oss\aliyun-sdk-oss\3.14.0\aliyun-sdk-oss-3.14.0.jar;D:\maven\repository\org\apache\httpcomponents\httpclient\4.5.13\httpclient-4.5.13.jar;D:\maven\repository\org\apache\httpcomponents\httpcore\4.4.15\httpcore-4.4.15.jar;D:\maven\repository\org\jdom\jdom2\2.0.6.1\jdom2-2.0.6.1.jar;D:\maven\repository\org\codehaus\jettison\jettison\1.1\jettison-1.1.jar;D:\maven\repository\stax\stax-api\1.0.1\stax-api-1.0.1.jar;D:\maven\repository\com\aliyun\aliyun-java-sdk-core\4.5.10\aliyun-java-sdk-core-4.5.10.jar;D:\maven\repository\org\jacoco\org.jacoco.agent\0.8.5\org.jacoco.agent-0.8.5-runtime.jar;D:\maven\repository\io\opentracing\opentracing-api\0.33.0\opentracing-api-0.33.0.jar;D:\maven\repository\io\opentracing\opentracing-util\0.33.0\opentracing-util-0.33.0.jar;D:\maven\repository\io\opentracing\opentracing-noop\0.33.0\opentracing-noop-0.33.0.jar;D:\maven\repository\com\aliyun\aliyun-java-sdk-ram\3.1.0\aliyun-java-sdk-ram-3.1.0.jar;D:\maven\repository\com\aliyun\aliyun-java-sdk-kms\2.11.0\aliyun-java-sdk-kms-2.11.0.jar;D:\maven\repository\com\qcloud\cos_api\5.6.68\cos_api-5.6.68.jar;D:\maven\repository\commons-codec\commons-codec\1.15\commons-codec-1.15.jar;D:\maven\repository\joda-time\joda-time\2.9.9\joda-time-2.9.9.jar;D:\maven\repository\com\tencentcloudapi\tencentcloud-sdk-java-kms\3.1.213\tencentcloud-sdk-java-kms-3.1.213.jar;D:\maven\repository\com\tencentcloudapi\tencentcloud-sdk-java-common\3.1.213\tencentcloud-sdk-java-common-3.1.213.jar;D:\maven\repository\com\tencentcloudapi\tencentcloud-sdk-java\3.1.445\tencentcloud-sdk-java-3.1.445.jar;D:\maven\repository\commons-logging\commons-logging\1.2\commons-logging-1.2.jar;D:\maven\repository\com\squareup\okio\okio\1.12.0\okio-1.12.0.jar;D:\maven\repository\com\squareup\okhttp\okhttp\2.7.5\okhttp-2.7.5.jar;D:\maven\repository\javax\xml\bind\jaxb-api\2.3.1\jaxb-api-2.3.1.jar;D:\maven\repository\javax\activation\javax.activation-api\1.2.0\javax.activation-api-1.2.0.jar;D:\maven\repository\com\squareup\okhttp\logging-interceptor\2.7.5\logging-interceptor-2.7.5.jar;D:\maven\repository\org\ini4j\ini4j\0.5.4\ini4j-0.5.4.jar;D:\maven\repository\org\activiti\activiti-spring-boot-starter-basic\5.22.0\activiti-spring-boot-starter-basic-5.22.0.jar;D:\maven\repository\org\activiti\activiti-engine\5.22.0\activiti-engine-5.22.0.jar;D:\maven\repository\org\activiti\activiti-bpmn-converter\5.22.0\activiti-bpmn-converter-5.22.0.jar;D:\maven\repository\org\activiti\activiti-process-validation\5.22.0\activiti-process-validation-5.22.0.jar;D:\maven\repository\org\activiti\activiti-image-generator\5.22.0\activiti-image-generator-5.22.0.jar;D:\maven\repository\org\apache\commons\commons-email\1.4\commons-email-1.4.jar;D:\maven\repository\com\sun\mail\javax.mail\1.5.2\javax.mail-1.5.2.jar;D:\maven\repository\javax\activation\activation\1.1.1\activation-1.1.1.jar;D:\maven\repository\org\apache\commons\commons-lang3\3.12.0\commons-lang3-3.12.0.jar;D:\maven\repository\org\slf4j\jcl-over-slf4j\1.7.36\jcl-over-slf4j-1.7.36.jar;D:\maven\repository\org\activiti\activiti-spring\5.22.0\activiti-spring-5.22.0.jar;D:\maven\repository\commons-dbcp\commons-dbcp\1.4\commons-dbcp-1.4.jar;D:\maven\repository\commons-pool\commons-pool\1.6\commons-pool-1.6.jar;D:\maven\repository\org\activiti\activiti-diagram-rest\5.22.0\activiti-diagram-rest-5.22.0.jar;D:\maven\repository\org\activiti\activiti-common-rest\5.22.0\activiti-common-rest-5.22.0.jar;D:\maven\repository\org\springframework\spring-beans\5.3.18\spring-beans-5.3.18.jar;D:\maven\repository\org\springframework\spring-context\5.3.18\spring-context-5.3.18.jar;D:\maven\repository\org\springframework\spring-core\5.3.18\spring-core-5.3.18.jar;D:\maven\repository\org\springframework\spring-jcl\5.3.18\spring-jcl-5.3.18.jar;D:\maven\repository\org\springframework\security\spring-security-crypto\5.5.5\spring-security-crypto-5.5.5.jar;D:\maven\repository\org\activiti\activiti-modeler\5.22.0\activiti-modeler-5.22.0.jar;D:\maven\repository\org\activiti\activiti-json-converter\5.22.0\activiti-json-converter-5.22.0.jar;D:\maven\repository\org\activiti\activiti-bpmn-model\5.22.0\activiti-bpmn-model-5.22.0.jar;D:\maven\repository\math\geom2d\javaGeom\0.11.1\javaGeom-0.11.1.jar;D:\maven\repository\org\apache\xmlgraphics\batik-parser\1.7\batik-parser-1.7.jar;D:\maven\repository\org\apache\xmlgraphics\batik-awt-util\1.7\batik-awt-util-1.7.jar;D:\maven\repository\org\apache\xmlgraphics\batik-util\1.7\batik-util-1.7.jar;D:\maven\repository\org\apache\xmlgraphics\batik-xml\1.7\batik-xml-1.7.jar;D:\maven\repository\org\apache\xmlgraphics\batik-transcoder\1.7\batik-transcoder-1.7.jar;D:\maven\repository\org\apache\xmlgraphics\fop\0.94\fop-0.94.jar;D:\maven\repository\org\apache\xmlgraphics\xmlgraphics-commons\1.2\xmlgraphics-commons-1.2.jar;D:\maven\repository\commons-io\commons-io\1.1\commons-io-1.1.jar;D:\maven\repository\org\apache\avalon\framework\avalon-framework-api\4.3.1\avalon-framework-api-4.3.1.jar;D:\maven\repository\org\apache\avalon\framework\avalon-framework-impl\4.3.1\avalon-framework-impl-4.3.1.jar;D:\maven\repository\org\apache\xmlgraphics\batik-dom\1.7\batik-dom-1.7.jar;D:\maven\repository\org\apache\xmlgraphics\batik-gvt\1.7\batik-gvt-1.7.jar;D:\maven\repository\xml-apis\xml-apis-ext\1.3.04\xml-apis-ext-1.3.04.jar;D:\maven\repository\org\apache\xmlgraphics\batik-bridge\1.7\batik-bridge-1.7.jar;D:\maven\repository\org\apache\xmlgraphics\batik-anim\1.7\batik-anim-1.7.jar;D:\maven\repository\org\apache\xmlgraphics\batik-ext\1.7\batik-ext-1.7.jar;D:\maven\repository\org\apache\xmlgraphics\batik-script\1.7\batik-script-1.7.jar;D:\maven\repository\org\apache\xmlgraphics\batik-js\1.7\batik-js-1.7.jar;D:\maven\repository\xml-apis\xml-apis\1.3.04\xml-apis-1.3.04.jar;D:\maven\repository\org\apache\xmlgraphics\batik-codec\1.7\batik-codec-1.7.jar;D:\maven\repository\org\apache\xmlgraphics\batik-css\1.7\batik-css-1.7.jar;D:\maven\repository\org\apache\xmlgraphics\batik-svg-dom\1.7\batik-svg-dom-1.7.jar;D:\maven\repository\org\apache\xmlgraphics\batik-svggen\1.7\batik-svggen-1.7.jar;D:\maven\repository\org\springframework\boot\spring-boot-devtools\2.5.12\spring-boot-devtools-2.5.12.jar;D:\maven\repository\org\springframework\boot\spring-boot\2.5.12\spring-boot-2.5.12.jar;D:\maven\repository\com\aventstack\extentreports-testng-adapter\1.2.2\extentreports-testng-adapter-1.2.2.jar;D:\maven\repository\com\aventstack\extentreports\5.0.1\extentreports-5.0.1.jar;D:\maven\repository\org\freemarker\freemarker\2.3.31\freemarker-2.3.31.jar;D:\maven\repository\com\aventstack\klov-reporter\5.0.1\klov-reporter-5.0.1.jar;D:\maven\repository\org\mongodb\bson\4.2.3\bson-4.2.3.jar;D:\maven\repository\org\apache\httpcomponents\httpmime\4.5.13\httpmime-4.5.13.jar;D:\maven\repository\org\mongodb\mongodb-driver\3.3.0\mongodb-driver-3.3.0.jar;D:\maven\repository\org\mongodb\mongodb-driver-core\4.2.3\mongodb-driver-core-4.2.3.jar;D:\maven\repository\org\testng\testng\7.1.0\testng-7.1.0.jar;D:\maven\repository\com\beust\jcommander\1.72\jcommander-1.72.jar;D:\maven\repository\com\google\inject\guice\4.1.0\guice-4.1.0-no_aop.jar;D:\maven\repository\javax\inject\javax.inject\1\javax.inject-1.jar;D:\maven\repository\aopalliance\aopalliance\1.0\aopalliance-1.0.jar;D:\maven\repository\org\seleniumhq\selenium\selenium-java\4.1.2\selenium-java-4.1.2.jar;D:\maven\repository\org\seleniumhq\selenium\selenium-api\3.141.59\selenium-api-3.141.59.jar;D:\maven\repository\org\seleniumhq\selenium\selenium-chrome-driver\3.141.59\selenium-chrome-driver-3.141.59.jar;D:\maven\repository\org\apache\commons\commons-exec\1.3\commons-exec-1.3.jar;D:\maven\repository\org\seleniumhq\selenium\selenium-devtools-v85\4.1.2\selenium-devtools-v85-4.1.2.jar;D:\maven\repository\com\google\auto\service\auto-service-annotations\1.0.1\auto-service-annotations-1.0.1.jar;D:\maven\repository\com\google\auto\service\auto-service\1.0.1\auto-service-1.0.1.jar;D:\maven\repository\com\google\auto\auto-common\1.2\auto-common-1.2.jar;D:\maven\repository\org\seleniumhq\selenium\selenium-json\4.1.2\selenium-json-4.1.2.jar;D:\maven\repository\org\seleniumhq\selenium\selenium-devtools-v95\4.1.2\selenium-devtools-v95-4.1.2.jar;D:\maven\repository\org\seleniumhq\selenium\selenium-devtools-v96\4.1.2\selenium-devtools-v96-4.1.2.jar;D:\maven\repository\org\seleniumhq\selenium\selenium-devtools-v97\4.1.2\selenium-devtools-v97-4.1.2.jar;D:\maven\repository\org\seleniumhq\selenium\selenium-edge-driver\3.141.59\selenium-edge-driver-3.141.59.jar;D:\maven\repository\org\seleniumhq\selenium\selenium-firefox-driver\3.141.59\selenium-firefox-driver-3.141.59.jar;D:\maven\repository\org\seleniumhq\selenium\selenium-firefox-xpi-driver\4.1.2\selenium-firefox-xpi-driver-4.1.2.jar;D:\maven\repository\org\seleniumhq\selenium\selenium-ie-driver\3.141.59\selenium-ie-driver-3.141.59.jar;D:\maven\repository\org\seleniumhq\selenium\selenium-opera-driver\3.141.59\selenium-opera-driver-3.141.59.jar;D:\maven\repository\org\seleniumhq\selenium\selenium-remote-driver\3.141.59\selenium-remote-driver-3.141.59.jar;D:\maven\repository\org\seleniumhq\selenium\selenium-safari-driver\3.141.59\selenium-safari-driver-3.141.59.jar;D:\maven\repository\org\seleniumhq\selenium\selenium-support\3.141.59\selenium-support-3.141.59.jar;"/>
    <property name="java.vm.vendor" value="Oracle Corporation"/>
    <property name="sun.arch.data.model" value="64"/>
    <property name="user.variant" value=""/>
    <property name="java.vendor.url" value="http://java.oracle.com/"/>
    <property name="user.timezone" value="Asia/Shanghai"/>
    <property name="java.vm.specification.version" value="1.8"/>
    <property name="os.name" value="Windows 10"/>
    <property name="user.country" value="CN"/>
    <property name="sun.java.launcher" value="SUN_STANDARD"/>
    <property name="sun.boot.library.path" value="C:\Program Files\Java\jdk1.8.0_121\jre\bin"/>
    <property name="sun.java.command" value="C:\Users\cgb\AppData\Local\Temp\surefire8310752191455194142\surefirebooter6682870629534301100.jar C:\Users\cgb\AppData\Local\Temp\surefire8310752191455194142 2022-08-05T15-57-14_027-jvmRun1 surefire44314531724620365tmp surefire_06075092971136101681tmp"/>
    <property name="surefire.test.class.path" value="F:\git_workspaces\xboot-plus-commercial\xboot-plus-back\target\test-classes;F:\git_workspaces\xboot-plus-commercial\xboot-plus-back\target\classes;D:\maven\repository\org\springframework\boot\spring-boot-starter-web\2.5.12\spring-boot-starter-web-2.5.12.jar;D:\maven\repository\org\springframework\boot\spring-boot-starter\2.5.12\spring-boot-starter-2.5.12.jar;D:\maven\repository\org\springframework\boot\spring-boot-starter-logging\2.5.12\spring-boot-starter-logging-2.5.12.jar;D:\maven\repository\ch\qos\logback\logback-classic\1.2.11\logback-classic-1.2.11.jar;D:\maven\repository\ch\qos\logback\logback-core\1.2.11\logback-core-1.2.11.jar;D:\maven\repository\org\apache\logging\log4j\log4j-to-slf4j\2.17.2\log4j-to-slf4j-2.17.2.jar;D:\maven\repository\org\apache\logging\log4j\log4j-api\2.17.2\log4j-api-2.17.2.jar;D:\maven\repository\org\slf4j\jul-to-slf4j\1.7.36\jul-to-slf4j-1.7.36.jar;D:\maven\repository\jakarta\annotation\jakarta.annotation-api\1.3.5\jakarta.annotation-api-1.3.5.jar;D:\maven\repository\org\yaml\snakeyaml\1.28\snakeyaml-1.28.jar;D:\maven\repository\org\springframework\boot\spring-boot-starter-json\2.5.12\spring-boot-starter-json-2.5.12.jar;D:\maven\repository\com\fasterxml\jackson\datatype\jackson-datatype-jdk8\2.12.6\jackson-datatype-jdk8-2.12.6.jar;D:\maven\repository\com\fasterxml\jackson\datatype\jackson-datatype-jsr310\2.12.6\jackson-datatype-jsr310-2.12.6.jar;D:\maven\repository\com\fasterxml\jackson\module\jackson-module-parameter-names\2.12.6\jackson-module-parameter-names-2.12.6.jar;D:\maven\repository\org\springframework\boot\spring-boot-starter-tomcat\2.5.12\spring-boot-starter-tomcat-2.5.12.jar;D:\maven\repository\org\apache\tomcat\embed\tomcat-embed-core\9.0.60\tomcat-embed-core-9.0.60.jar;D:\maven\repository\org\apache\tomcat\embed\tomcat-embed-websocket\9.0.60\tomcat-embed-websocket-9.0.60.jar;D:\maven\repository\org\springframework\spring-web\5.3.18\spring-web-5.3.18.jar;D:\maven\repository\org\springframework\spring-webmvc\5.3.18\spring-webmvc-5.3.18.jar;D:\maven\repository\org\springframework\spring-expression\5.3.18\spring-expression-5.3.18.jar;D:\maven\repository\org\springframework\boot\spring-boot-starter-validation\2.5.12\spring-boot-starter-validation-2.5.12.jar;D:\maven\repository\org\apache\tomcat\embed\tomcat-embed-el\9.0.60\tomcat-embed-el-9.0.60.jar;D:\maven\repository\org\hibernate\validator\hibernate-validator\6.2.3.Final\hibernate-validator-6.2.3.Final.jar;D:\maven\repository\jakarta\validation\jakarta.validation-api\2.0.2\jakarta.validation-api-2.0.2.jar;D:\maven\repository\org\jboss\logging\jboss-logging\3.4.3.Final\jboss-logging-3.4.3.Final.jar;D:\maven\repository\com\fasterxml\classmate\1.5.1\classmate-1.5.1.jar;D:\maven\repository\org\springframework\boot\spring-boot-starter-security\2.5.12\spring-boot-starter-security-2.5.12.jar;D:\maven\repository\org\springframework\spring-aop\5.3.18\spring-aop-5.3.18.jar;D:\maven\repository\org\springframework\security\spring-security-config\5.5.5\spring-security-config-5.5.5.jar;D:\maven\repository\org\springframework\security\spring-security-core\5.5.5\spring-security-core-5.5.5.jar;D:\maven\repository\org\springframework\security\spring-security-web\5.5.5\spring-security-web-5.5.5.jar;D:\maven\repository\org\springframework\boot\spring-boot-starter-aop\2.5.12\spring-boot-starter-aop-2.5.12.jar;D:\maven\repository\org\aspectj\aspectjweaver\1.9.7\aspectjweaver-1.9.7.jar;D:\maven\repository\org\springframework\boot\spring-boot-starter-actuator\2.5.12\spring-boot-starter-actuator-2.5.12.jar;D:\maven\repository\org\springframework\boot\spring-boot-actuator-autoconfigure\2.5.12\spring-boot-actuator-autoconfigure-2.5.12.jar;D:\maven\repository\org\springframework\boot\spring-boot-actuator\2.5.12\spring-boot-actuator-2.5.12.jar;D:\maven\repository\io\micrometer\micrometer-core\1.7.10\micrometer-core-1.7.10.jar;D:\maven\repository\org\hdrhistogram\HdrHistogram\2.1.12\HdrHistogram-2.1.12.jar;D:\maven\repository\org\latencyutils\LatencyUtils\2.0.3\LatencyUtils-2.0.3.jar;D:\maven\repository\de\codecentric\spring-boot-admin-starter-server\2.6.6\spring-boot-admin-starter-server-2.6.6.jar;D:\maven\repository\de\codecentric\spring-boot-admin-server\2.6.6\spring-boot-admin-server-2.6.6.jar;D:\maven\repository\org\springframework\boot\spring-boot-starter-webflux\2.5.12\spring-boot-starter-webflux-2.5.12.jar;D:\maven\repository\org\springframework\boot\spring-boot-starter-reactor-netty\2.5.12\spring-boot-starter-reactor-netty-2.5.12.jar;D:\maven\repository\io\projectreactor\netty\reactor-netty-http\1.0.17\reactor-netty-http-1.0.17.jar;D:\maven\repository\io\netty\netty-codec-http2\4.1.75.Final\netty-codec-http2-4.1.75.Final.jar;D:\maven\repository\io\netty\netty-resolver-dns-native-macos\4.1.75.Final\netty-resolver-dns-native-macos-4.1.75.Final-osx-x86_64.jar;D:\maven\repository\io\netty\netty-resolver-dns-classes-macos\4.1.75.Final\netty-resolver-dns-classes-macos-4.1.75.Final.jar;D:\maven\repository\io\netty\netty-transport-native-epoll\4.1.75.Final\netty-transport-native-epoll-4.1.75.Final-linux-x86_64.jar;D:\maven\repository\io\netty\netty-transport-native-unix-common\4.1.75.Final\netty-transport-native-unix-common-4.1.75.Final.jar;D:\maven\repository\io\netty\netty-transport-classes-epoll\4.1.75.Final\netty-transport-classes-epoll-4.1.75.Final.jar;D:\maven\repository\io\projectreactor\netty\reactor-netty-core\1.0.17\reactor-netty-core-1.0.17.jar;D:\maven\repository\io\netty\netty-handler-proxy\4.1.75.Final\netty-handler-proxy-4.1.75.Final.jar;D:\maven\repository\io\netty\netty-codec-socks\4.1.75.Final\netty-codec-socks-4.1.75.Final.jar;D:\maven\repository\org\springframework\spring-webflux\5.3.18\spring-webflux-5.3.18.jar;D:\maven\repository\io\projectreactor\addons\reactor-extra\3.4.7\reactor-extra-3.4.7.jar;D:\maven\repository\de\codecentric\spring-boot-admin-server-ui\2.6.6\spring-boot-admin-server-ui-2.6.6.jar;D:\maven\repository\de\codecentric\spring-boot-admin-server-cloud\2.6.6\spring-boot-admin-server-cloud-2.6.6.jar;D:\maven\repository\de\codecentric\spring-boot-admin-starter-client\2.6.6\spring-boot-admin-starter-client-2.6.6.jar;D:\maven\repository\de\codecentric\spring-boot-admin-client\2.6.6\spring-boot-admin-client-2.6.6.jar;D:\maven\repository\org\springframework\boot\spring-boot-starter-thymeleaf\2.5.12\spring-boot-starter-thymeleaf-2.5.12.jar;D:\maven\repository\org\thymeleaf\thymeleaf-spring5\3.0.15.RELEASE\thymeleaf-spring5-3.0.15.RELEASE.jar;D:\maven\repository\org\thymeleaf\thymeleaf\3.0.15.RELEASE\thymeleaf-3.0.15.RELEASE.jar;D:\maven\repository\org\attoparser\attoparser\2.0.5.RELEASE\attoparser-2.0.5.RELEASE.jar;D:\maven\repository\org\unbescape\unbescape\1.1.6.RELEASE\unbescape-1.1.6.RELEASE.jar;D:\maven\repository\org\thymeleaf\extras\thymeleaf-extras-java8time\3.0.4.RELEASE\thymeleaf-extras-java8time-3.0.4.RELEASE.jar;D:\maven\repository\org\springframework\boot\spring-boot-starter-mail\2.5.12\spring-boot-starter-mail-2.5.12.jar;D:\maven\repository\org\springframework\spring-context-support\5.3.18\spring-context-support-5.3.18.jar;D:\maven\repository\com\sun\mail\jakarta.mail\1.6.7\jakarta.mail-1.6.7.jar;D:\maven\repository\com\sun\activation\jakarta.activation\1.2.2\jakarta.activation-1.2.2.jar;D:\maven\repository\com\alibaba\druid-spring-boot-starter\1.2.8\druid-spring-boot-starter-1.2.8.jar;D:\maven\repository\com\alibaba\druid\1.2.8\druid-1.2.8.jar;D:\maven\repository\org\slf4j\slf4j-api\1.7.36\slf4j-api-1.7.36.jar;D:\maven\repository\org\springframework\boot\spring-boot-autoconfigure\2.5.12\spring-boot-autoconfigure-2.5.12.jar;D:\maven\repository\org\springframework\boot\spring-boot-starter-quartz\2.5.12\spring-boot-starter-quartz-2.5.12.jar;D:\maven\repository\org\springframework\spring-tx\5.3.18\spring-tx-5.3.18.jar;D:\maven\repository\org\quartz-scheduler\quartz\2.3.2\quartz-2.3.2.jar;D:\maven\repository\com\mchange\mchange-commons-java\0.2.15\mchange-commons-java-0.2.15.jar;D:\maven\repository\io\jsonwebtoken\jjwt\0.9.1\jjwt-0.9.1.jar;D:\maven\repository\com\fasterxml\jackson\core\jackson-databind\2.12.6.1\jackson-databind-2.12.6.1.jar;D:\maven\repository\mysql\mysql-connector-java\5.1.49\mysql-connector-java-5.1.49.jar;D:\maven\repository\org\springframework\boot\spring-boot-starter-data-jpa\2.5.12\spring-boot-starter-data-jpa-2.5.12.jar;D:\maven\repository\org\springframework\boot\spring-boot-starter-jdbc\2.5.12\spring-boot-starter-jdbc-2.5.12.jar;D:\maven\repository\com\zaxxer\HikariCP\4.0.3\HikariCP-4.0.3.jar;D:\maven\repository\org\springframework\spring-jdbc\5.3.18\spring-jdbc-5.3.18.jar;D:\maven\repository\jakarta\transaction\jakarta.transaction-api\1.3.3\jakarta.transaction-api-1.3.3.jar;D:\maven\repository\jakarta\persistence\jakarta.persistence-api\2.2.3\jakarta.persistence-api-2.2.3.jar;D:\maven\repository\org\hibernate\hibernate-core\5.4.33\hibernate-core-5.4.33.jar;D:\maven\repository\org\javassist\javassist\3.27.0-GA\javassist-3.27.0-GA.jar;D:\maven\repository\net\bytebuddy\byte-buddy\1.10.22\byte-buddy-1.10.22.jar;D:\maven\repository\antlr\antlr\2.7.7\antlr-2.7.7.jar;D:\maven\repository\org\jboss\jandex\2.2.3.Final\jandex-2.2.3.Final.jar;D:\maven\repository\org\dom4j\dom4j\2.1.3\dom4j-2.1.3.jar;D:\maven\repository\org\hibernate\common\hibernate-commons-annotations\5.1.2.Final\hibernate-commons-annotations-5.1.2.Final.jar;D:\maven\repository\org\glassfish\jaxb\jaxb-runtime\2.3.6\jaxb-runtime-2.3.6.jar;D:\maven\repository\jakarta\xml\bind\jakarta.xml.bind-api\2.3.3\jakarta.xml.bind-api-2.3.3.jar;D:\maven\repository\org\glassfish\jaxb\txw2\2.3.6\txw2-2.3.6.jar;D:\maven\repository\com\sun\istack\istack-commons-runtime\3.0.12\istack-commons-runtime-3.0.12.jar;D:\maven\repository\org\springframework\data\spring-data-jpa\2.5.10\spring-data-jpa-2.5.10.jar;D:\maven\repository\org\springframework\data\spring-data-commons\2.5.10\spring-data-commons-2.5.10.jar;D:\maven\repository\org\springframework\spring-orm\5.3.18\spring-orm-5.3.18.jar;D:\maven\repository\org\springframework\spring-aspects\5.3.18\spring-aspects-5.3.18.jar;D:\maven\repository\org\springframework\boot\spring-boot-starter-websocket\2.5.12\spring-boot-starter-websocket-2.5.12.jar;D:\maven\repository\org\springframework\spring-messaging\5.3.18\spring-messaging-5.3.18.jar;D:\maven\repository\org\springframework\spring-websocket\5.3.18\spring-websocket-5.3.18.jar;D:\maven\repository\com\baomidou\mybatis-plus-boot-starter\3.5.1\mybatis-plus-boot-starter-3.5.1.jar;D:\maven\repository\com\baomidou\mybatis-plus\3.5.1\mybatis-plus-3.5.1.jar;D:\maven\repository\com\baomidou\mybatis-plus-extension\3.5.1\mybatis-plus-extension-3.5.1.jar;D:\maven\repository\com\baomidou\mybatis-plus-core\3.5.1\mybatis-plus-core-3.5.1.jar;D:\maven\repository\com\baomidou\mybatis-plus-annotation\3.5.1\mybatis-plus-annotation-3.5.1.jar;D:\maven\repository\com\github\jsqlparser\jsqlparser\4.3\jsqlparser-4.3.jar;D:\maven\repository\org\mybatis\mybatis\3.5.9\mybatis-3.5.9.jar;D:\maven\repository\org\mybatis\mybatis-spring\2.0.6\mybatis-spring-2.0.6.jar;D:\maven\repository\org\springframework\boot\spring-boot-starter-data-redis\2.5.12\spring-boot-starter-data-redis-2.5.12.jar;D:\maven\repository\org\springframework\data\spring-data-redis\2.5.10\spring-data-redis-2.5.10.jar;D:\maven\repository\org\springframework\data\spring-data-keyvalue\2.5.10\spring-data-keyvalue-2.5.10.jar;D:\maven\repository\org\springframework\spring-oxm\5.3.18\spring-oxm-5.3.18.jar;D:\maven\repository\io\lettuce\lettuce-core\6.1.8.RELEASE\lettuce-core-6.1.8.RELEASE.jar;D:\maven\repository\io\netty\netty-common\4.1.75.Final\netty-common-4.1.75.Final.jar;D:\maven\repository\io\netty\netty-handler\4.1.75.Final\netty-handler-4.1.75.Final.jar;D:\maven\repository\io\netty\netty-transport\4.1.75.Final\netty-transport-4.1.75.Final.jar;D:\maven\repository\io\projectreactor\reactor-core\3.4.16\reactor-core-3.4.16.jar;D:\maven\repository\org\redisson\redisson-spring-boot-starter\3.16.8\redisson-spring-boot-starter-3.16.8.jar;D:\maven\repository\org\redisson\redisson\3.16.8\redisson-3.16.8.jar;D:\maven\repository\io\netty\netty-codec\4.1.75.Final\netty-codec-4.1.75.Final.jar;D:\maven\repository\io\netty\netty-buffer\4.1.75.Final\netty-buffer-4.1.75.Final.jar;D:\maven\repository\io\netty\netty-resolver\4.1.75.Final\netty-resolver-4.1.75.Final.jar;D:\maven\repository\io\netty\netty-resolver-dns\4.1.75.Final\netty-resolver-dns-4.1.75.Final.jar;D:\maven\repository\io\netty\netty-codec-dns\4.1.75.Final\netty-codec-dns-4.1.75.Final.jar;D:\maven\repository\javax\cache\cache-api\1.1.1\cache-api-1.1.1.jar;D:\maven\repository\org\reactivestreams\reactive-streams\1.0.3\reactive-streams-1.0.3.jar;D:\maven\repository\io\reactivex\rxjava3\rxjava\3.0.12\rxjava-3.0.12.jar;D:\maven\repository\org\jboss\marshalling\jboss-marshalling\2.0.11.Final\jboss-marshalling-2.0.11.Final.jar;D:\maven\repository\org\jboss\marshalling\jboss-marshalling-river\2.0.11.Final\jboss-marshalling-river-2.0.11.Final.jar;D:\maven\repository\com\fasterxml\jackson\dataformat\jackson-dataformat-yaml\2.12.6\jackson-dataformat-yaml-2.12.6.jar;D:\maven\repository\org\jodd\jodd-bean\5.1.6\jodd-bean-5.1.6.jar;D:\maven\repository\org\jodd\jodd-core\5.1.6\jodd-core-5.1.6.jar;D:\maven\repository\org\redisson\redisson-spring-data-25\3.16.8\redisson-spring-data-25-3.16.8.jar;D:\maven\repository\org\springframework\boot\spring-boot-starter-data-elasticsearch\2.5.12\spring-boot-starter-data-elasticsearch-2.5.12.jar;D:\maven\repository\org\springframework\data\spring-data-elasticsearch\4.2.10\spring-data-elasticsearch-4.2.10.jar;D:\maven\repository\org\elasticsearch\plugin\transport-netty4-client\7.12.1\transport-netty4-client-7.12.1.jar;D:\maven\repository\io\netty\netty-codec-http\4.1.75.Final\netty-codec-http-4.1.75.Final.jar;D:\maven\repository\org\elasticsearch\client\elasticsearch-rest-high-level-client\7.12.1\elasticsearch-rest-high-level-client-7.12.1.jar;D:\maven\repository\org\elasticsearch\elasticsearch\7.12.1\elasticsearch-7.12.1.jar;D:\maven\repository\org\elasticsearch\elasticsearch-core\7.12.1\elasticsearch-core-7.12.1.jar;D:\maven\repository\org\elasticsearch\elasticsearch-secure-sm\7.12.1\elasticsearch-secure-sm-7.12.1.jar;D:\maven\repository\org\elasticsearch\elasticsearch-x-content\7.12.1\elasticsearch-x-content-7.12.1.jar;D:\maven\repository\com\fasterxml\jackson\dataformat\jackson-dataformat-smile\2.12.6\jackson-dataformat-smile-2.12.6.jar;D:\maven\repository\com\fasterxml\jackson\dataformat\jackson-dataformat-cbor\2.12.6\jackson-dataformat-cbor-2.12.6.jar;D:\maven\repository\org\elasticsearch\elasticsearch-geo\7.12.1\elasticsearch-geo-7.12.1.jar;D:\maven\repository\org\apache\lucene\lucene-core\8.8.0\lucene-core-8.8.0.jar;D:\maven\repository\org\apache\lucene\lucene-analyzers-common\8.8.0\lucene-analyzers-common-8.8.0.jar;D:\maven\repository\org\apache\lucene\lucene-backward-codecs\8.8.0\lucene-backward-codecs-8.8.0.jar;D:\maven\repository\org\apache\lucene\lucene-grouping\8.8.0\lucene-grouping-8.8.0.jar;D:\maven\repository\org\apache\lucene\lucene-highlighter\8.8.0\lucene-highlighter-8.8.0.jar;D:\maven\repository\org\apache\lucene\lucene-join\8.8.0\lucene-join-8.8.0.jar;D:\maven\repository\org\apache\lucene\lucene-memory\8.8.0\lucene-memory-8.8.0.jar;D:\maven\repository\org\apache\lucene\lucene-misc\8.8.0\lucene-misc-8.8.0.jar;D:\maven\repository\org\apache\lucene\lucene-queries\8.8.0\lucene-queries-8.8.0.jar;D:\maven\repository\org\apache\lucene\lucene-queryparser\8.8.0\lucene-queryparser-8.8.0.jar;D:\maven\repository\org\apache\lucene\lucene-sandbox\8.8.0\lucene-sandbox-8.8.0.jar;D:\maven\repository\org\apache\lucene\lucene-spatial-extras\8.8.0\lucene-spatial-extras-8.8.0.jar;D:\maven\repository\org\apache\lucene\lucene-spatial3d\8.8.0\lucene-spatial3d-8.8.0.jar;D:\maven\repository\org\apache\lucene\lucene-suggest\8.8.0\lucene-suggest-8.8.0.jar;D:\maven\repository\org\elasticsearch\elasticsearch-cli\7.12.1\elasticsearch-cli-7.12.1.jar;D:\maven\repository\net\sf\jopt-simple\jopt-simple\5.0.2\jopt-simple-5.0.2.jar;D:\maven\repository\com\carrotsearch\hppc\0.8.1\hppc-0.8.1.jar;D:\maven\repository\com\tdunning\t-digest\3.2\t-digest-3.2.jar;D:\maven\repository\org\elasticsearch\jna\5.7.0-1\jna-5.7.0-1.jar;D:\maven\repository\org\elasticsearch\elasticsearch-plugin-classloader\7.12.1\elasticsearch-plugin-classloader-7.12.1.jar;D:\maven\repository\org\elasticsearch\client\elasticsearch-rest-client\7.12.1\elasticsearch-rest-client-7.12.1.jar;D:\maven\repository\org\apache\httpcomponents\httpasyncclient\4.1.5\httpasyncclient-4.1.5.jar;D:\maven\repository\org\apache\httpcomponents\httpcore-nio\4.4.15\httpcore-nio-4.4.15.jar;D:\maven\repository\org\elasticsearch\plugin\mapper-extras-client\7.12.1\mapper-extras-client-7.12.1.jar;D:\maven\repository\org\elasticsearch\plugin\parent-join-client\7.12.1\parent-join-client-7.12.1.jar;D:\maven\repository\org\elasticsearch\plugin\aggs-matrix-stats-client\7.12.1\aggs-matrix-stats-client-7.12.1.jar;D:\maven\repository\org\elasticsearch\plugin\rank-eval-client\7.12.1\rank-eval-client-7.12.1.jar;D:\maven\repository\org\elasticsearch\plugin\lang-mustache-client\7.12.1\lang-mustache-client-7.12.1.jar;D:\maven\repository\com\github\spullara\mustache\java\compiler\0.9.6\compiler-0.9.6.jar;D:\maven\repository\com\github\xiaoymin\knife4j-spring-boot-starter\2.0.9\knife4j-spring-boot-starter-2.0.9.jar;D:\maven\repository\com\github\xiaoymin\knife4j-spring-boot-autoconfigure\2.0.9\knife4j-spring-boot-autoconfigure-2.0.9.jar;D:\maven\repository\com\github\xiaoymin\knife4j-spring\2.0.9\knife4j-spring-2.0.9.jar;D:\maven\repository\com\github\xiaoymin\knife4j-annotations\2.0.9\knife4j-annotations-2.0.9.jar;D:\maven\repository\com\github\xiaoymin\knife4j-core\2.0.9\knife4j-core-2.0.9.jar;D:\maven\repository\io\swagger\swagger-models\1.5.22\swagger-models-1.5.22.jar;D:\maven\repository\io\swagger\swagger-annotations\1.5.22\swagger-annotations-1.5.22.jar;D:\maven\repository\io\springfox\springfox-swagger2\2.10.5\springfox-swagger2-2.10.5.jar;D:\maven\repository\io\springfox\springfox-spi\2.10.5\springfox-spi-2.10.5.jar;D:\maven\repository\io\springfox\springfox-core\2.10.5\springfox-core-2.10.5.jar;D:\maven\repository\io\springfox\springfox-schema\2.10.5\springfox-schema-2.10.5.jar;D:\maven\repository\io\springfox\springfox-swagger-common\2.10.5\springfox-swagger-common-2.10.5.jar;D:\maven\repository\io\springfox\springfox-spring-web\2.10.5\springfox-spring-web-2.10.5.jar;D:\maven\repository\io\github\classgraph\classgraph\4.1.7\classgraph-4.1.7.jar;D:\maven\repository\org\springframework\plugin\spring-plugin-core\2.0.0.RELEASE\spring-plugin-core-2.0.0.RELEASE.jar;D:\maven\repository\org\springframework\plugin\spring-plugin-metadata\2.0.0.RELEASE\spring-plugin-metadata-2.0.0.RELEASE.jar;D:\maven\repository\org\mapstruct\mapstruct\1.3.1.Final\mapstruct-1.3.1.Final.jar;D:\maven\repository\io\springfox\springfox-bean-validators\2.10.5\springfox-bean-validators-2.10.5.jar;D:\maven\repository\io\springfox\springfox-spring-webmvc\2.10.5\springfox-spring-webmvc-2.10.5.jar;D:\maven\repository\com\github\xiaoymin\knife4j-spring-ui\2.0.9\knife4j-spring-ui-2.0.9.jar;D:\maven\repository\com\google\code\gson\gson\2.8.9\gson-2.8.9.jar;D:\maven\repository\cn\hutool\hutool-all\5.7.22\hutool-all-5.7.22.jar;D:\maven\repository\org\projectlombok\lombok\1.18.22\lombok-1.18.22.jar;D:\maven\repository\com\github\ulisesbocchio\jasypt-spring-boot-starter\3.0.4\jasypt-spring-boot-starter-3.0.4.jar;D:\maven\repository\com\github\ulisesbocchio\jasypt-spring-boot\3.0.4\jasypt-spring-boot-3.0.4.jar;D:\maven\repository\org\jasypt\jasypt\1.9.3\jasypt-1.9.3.jar;D:\maven\repository\com\ibeetl\beetl\2.9.10\beetl-2.9.10.jar;D:\maven\repository\org\antlr\antlr4\4.8\antlr4-4.8.jar;D:\maven\repository\org\antlr\antlr4-runtime\4.8\antlr4-runtime-4.8.jar;D:\maven\repository\org\antlr\antlr-runtime\3.5.2\antlr-runtime-3.5.2.jar;D:\maven\repository\org\antlr\ST4\4.3\ST4-4.3.jar;D:\maven\repository\org\abego\treelayout\org.abego.treelayout.core\1.0.3\org.abego.treelayout.core-1.0.3.jar;D:\maven\repository\org\glassfish\javax.json\1.0.4\javax.json-1.0.4.jar;D:\maven\repository\com\ibm\icu\icu4j\61.1\icu4j-61.1.jar;D:\maven\repository\io\minio\minio\8.3.6\minio-8.3.6.jar;D:\maven\repository\com\carrotsearch\thirdparty\simple-xml-safe\2.7.1\simple-xml-safe-2.7.1.jar;D:\maven\repository\com\google\guava\guava\30.1.1-jre\guava-30.1.1-jre.jar;D:\maven\repository\com\google\guava\failureaccess\1.0.1\failureaccess-1.0.1.jar;D:\maven\repository\com\google\guava\listenablefuture\9999.0-empty-to-avoid-conflict-with-guava\listenablefuture-9999.0-empty-to-avoid-conflict-with-guava.jar;D:\maven\repository\com\google\code\findbugs\jsr305\3.0.2\jsr305-3.0.2.jar;D:\maven\repository\org\checkerframework\checker-qual\3.8.0\checker-qual-3.8.0.jar;D:\maven\repository\com\google\errorprone\error_prone_annotations\2.5.1\error_prone_annotations-2.5.1.jar;D:\maven\repository\com\google\j2objc\j2objc-annotations\1.3\j2objc-annotations-1.3.jar;D:\maven\repository\com\squareup\okhttp3\okhttp\3.14.9\okhttp-3.14.9.jar;D:\maven\repository\com\fasterxml\jackson\core\jackson-annotations\2.12.6\jackson-annotations-2.12.6.jar;D:\maven\repository\com\fasterxml\jackson\core\jackson-core\2.12.6\jackson-core-2.12.6.jar;D:\maven\repository\org\bouncycastle\bcprov-jdk15on\1.69\bcprov-jdk15on-1.69.jar;D:\maven\repository\org\apache\commons\commons-compress\1.21\commons-compress-1.21.jar;D:\maven\repository\org\xerial\snappy\snappy-java\1.1.8.4\snappy-java-1.1.8.4.jar;D:\maven\repository\com\qiniu\qiniu-java-sdk\7.9.3\qiniu-java-sdk-7.9.3.jar;D:\maven\repository\com\aliyun\oss\aliyun-sdk-oss\3.14.0\aliyun-sdk-oss-3.14.0.jar;D:\maven\repository\org\apache\httpcomponents\httpclient\4.5.13\httpclient-4.5.13.jar;D:\maven\repository\org\apache\httpcomponents\httpcore\4.4.15\httpcore-4.4.15.jar;D:\maven\repository\org\jdom\jdom2\2.0.6.1\jdom2-2.0.6.1.jar;D:\maven\repository\org\codehaus\jettison\jettison\1.1\jettison-1.1.jar;D:\maven\repository\stax\stax-api\1.0.1\stax-api-1.0.1.jar;D:\maven\repository\com\aliyun\aliyun-java-sdk-core\4.5.10\aliyun-java-sdk-core-4.5.10.jar;D:\maven\repository\org\jacoco\org.jacoco.agent\0.8.5\org.jacoco.agent-0.8.5-runtime.jar;D:\maven\repository\io\opentracing\opentracing-api\0.33.0\opentracing-api-0.33.0.jar;D:\maven\repository\io\opentracing\opentracing-util\0.33.0\opentracing-util-0.33.0.jar;D:\maven\repository\io\opentracing\opentracing-noop\0.33.0\opentracing-noop-0.33.0.jar;D:\maven\repository\com\aliyun\aliyun-java-sdk-ram\3.1.0\aliyun-java-sdk-ram-3.1.0.jar;D:\maven\repository\com\aliyun\aliyun-java-sdk-kms\2.11.0\aliyun-java-sdk-kms-2.11.0.jar;D:\maven\repository\com\qcloud\cos_api\5.6.68\cos_api-5.6.68.jar;D:\maven\repository\commons-codec\commons-codec\1.15\commons-codec-1.15.jar;D:\maven\repository\joda-time\joda-time\2.9.9\joda-time-2.9.9.jar;D:\maven\repository\com\tencentcloudapi\tencentcloud-sdk-java-kms\3.1.213\tencentcloud-sdk-java-kms-3.1.213.jar;D:\maven\repository\com\tencentcloudapi\tencentcloud-sdk-java-common\3.1.213\tencentcloud-sdk-java-common-3.1.213.jar;D:\maven\repository\com\tencentcloudapi\tencentcloud-sdk-java\3.1.445\tencentcloud-sdk-java-3.1.445.jar;D:\maven\repository\commons-logging\commons-logging\1.2\commons-logging-1.2.jar;D:\maven\repository\com\squareup\okio\okio\1.12.0\okio-1.12.0.jar;D:\maven\repository\com\squareup\okhttp\okhttp\2.7.5\okhttp-2.7.5.jar;D:\maven\repository\javax\xml\bind\jaxb-api\2.3.1\jaxb-api-2.3.1.jar;D:\maven\repository\javax\activation\javax.activation-api\1.2.0\javax.activation-api-1.2.0.jar;D:\maven\repository\com\squareup\okhttp\logging-interceptor\2.7.5\logging-interceptor-2.7.5.jar;D:\maven\repository\org\ini4j\ini4j\0.5.4\ini4j-0.5.4.jar;D:\maven\repository\org\activiti\activiti-spring-boot-starter-basic\5.22.0\activiti-spring-boot-starter-basic-5.22.0.jar;D:\maven\repository\org\activiti\activiti-engine\5.22.0\activiti-engine-5.22.0.jar;D:\maven\repository\org\activiti\activiti-bpmn-converter\5.22.0\activiti-bpmn-converter-5.22.0.jar;D:\maven\repository\org\activiti\activiti-process-validation\5.22.0\activiti-process-validation-5.22.0.jar;D:\maven\repository\org\activiti\activiti-image-generator\5.22.0\activiti-image-generator-5.22.0.jar;D:\maven\repository\org\apache\commons\commons-email\1.4\commons-email-1.4.jar;D:\maven\repository\com\sun\mail\javax.mail\1.5.2\javax.mail-1.5.2.jar;D:\maven\repository\javax\activation\activation\1.1.1\activation-1.1.1.jar;D:\maven\repository\org\apache\commons\commons-lang3\3.12.0\commons-lang3-3.12.0.jar;D:\maven\repository\org\slf4j\jcl-over-slf4j\1.7.36\jcl-over-slf4j-1.7.36.jar;D:\maven\repository\org\activiti\activiti-spring\5.22.0\activiti-spring-5.22.0.jar;D:\maven\repository\commons-dbcp\commons-dbcp\1.4\commons-dbcp-1.4.jar;D:\maven\repository\commons-pool\commons-pool\1.6\commons-pool-1.6.jar;D:\maven\repository\org\activiti\activiti-diagram-rest\5.22.0\activiti-diagram-rest-5.22.0.jar;D:\maven\repository\org\activiti\activiti-common-rest\5.22.0\activiti-common-rest-5.22.0.jar;D:\maven\repository\org\springframework\spring-beans\5.3.18\spring-beans-5.3.18.jar;D:\maven\repository\org\springframework\spring-context\5.3.18\spring-context-5.3.18.jar;D:\maven\repository\org\springframework\spring-core\5.3.18\spring-core-5.3.18.jar;D:\maven\repository\org\springframework\spring-jcl\5.3.18\spring-jcl-5.3.18.jar;D:\maven\repository\org\springframework\security\spring-security-crypto\5.5.5\spring-security-crypto-5.5.5.jar;D:\maven\repository\org\activiti\activiti-modeler\5.22.0\activiti-modeler-5.22.0.jar;D:\maven\repository\org\activiti\activiti-json-converter\5.22.0\activiti-json-converter-5.22.0.jar;D:\maven\repository\org\activiti\activiti-bpmn-model\5.22.0\activiti-bpmn-model-5.22.0.jar;D:\maven\repository\math\geom2d\javaGeom\0.11.1\javaGeom-0.11.1.jar;D:\maven\repository\org\apache\xmlgraphics\batik-parser\1.7\batik-parser-1.7.jar;D:\maven\repository\org\apache\xmlgraphics\batik-awt-util\1.7\batik-awt-util-1.7.jar;D:\maven\repository\org\apache\xmlgraphics\batik-util\1.7\batik-util-1.7.jar;D:\maven\repository\org\apache\xmlgraphics\batik-xml\1.7\batik-xml-1.7.jar;D:\maven\repository\org\apache\xmlgraphics\batik-transcoder\1.7\batik-transcoder-1.7.jar;D:\maven\repository\org\apache\xmlgraphics\fop\0.94\fop-0.94.jar;D:\maven\repository\org\apache\xmlgraphics\xmlgraphics-commons\1.2\xmlgraphics-commons-1.2.jar;D:\maven\repository\commons-io\commons-io\1.1\commons-io-1.1.jar;D:\maven\repository\org\apache\avalon\framework\avalon-framework-api\4.3.1\avalon-framework-api-4.3.1.jar;D:\maven\repository\org\apache\avalon\framework\avalon-framework-impl\4.3.1\avalon-framework-impl-4.3.1.jar;D:\maven\repository\org\apache\xmlgraphics\batik-dom\1.7\batik-dom-1.7.jar;D:\maven\repository\org\apache\xmlgraphics\batik-gvt\1.7\batik-gvt-1.7.jar;D:\maven\repository\xml-apis\xml-apis-ext\1.3.04\xml-apis-ext-1.3.04.jar;D:\maven\repository\org\apache\xmlgraphics\batik-bridge\1.7\batik-bridge-1.7.jar;D:\maven\repository\org\apache\xmlgraphics\batik-anim\1.7\batik-anim-1.7.jar;D:\maven\repository\org\apache\xmlgraphics\batik-ext\1.7\batik-ext-1.7.jar;D:\maven\repository\org\apache\xmlgraphics\batik-script\1.7\batik-script-1.7.jar;D:\maven\repository\org\apache\xmlgraphics\batik-js\1.7\batik-js-1.7.jar;D:\maven\repository\xml-apis\xml-apis\1.3.04\xml-apis-1.3.04.jar;D:\maven\repository\org\apache\xmlgraphics\batik-codec\1.7\batik-codec-1.7.jar;D:\maven\repository\org\apache\xmlgraphics\batik-css\1.7\batik-css-1.7.jar;D:\maven\repository\org\apache\xmlgraphics\batik-svg-dom\1.7\batik-svg-dom-1.7.jar;D:\maven\repository\org\apache\xmlgraphics\batik-svggen\1.7\batik-svggen-1.7.jar;D:\maven\repository\org\springframework\boot\spring-boot-devtools\2.5.12\spring-boot-devtools-2.5.12.jar;D:\maven\repository\org\springframework\boot\spring-boot\2.5.12\spring-boot-2.5.12.jar;D:\maven\repository\com\aventstack\extentreports-testng-adapter\1.2.2\extentreports-testng-adapter-1.2.2.jar;D:\maven\repository\com\aventstack\extentreports\5.0.1\extentreports-5.0.1.jar;D:\maven\repository\org\freemarker\freemarker\2.3.31\freemarker-2.3.31.jar;D:\maven\repository\com\aventstack\klov-reporter\5.0.1\klov-reporter-5.0.1.jar;D:\maven\repository\org\mongodb\bson\4.2.3\bson-4.2.3.jar;D:\maven\repository\org\apache\httpcomponents\httpmime\4.5.13\httpmime-4.5.13.jar;D:\maven\repository\org\mongodb\mongodb-driver\3.3.0\mongodb-driver-3.3.0.jar;D:\maven\repository\org\mongodb\mongodb-driver-core\4.2.3\mongodb-driver-core-4.2.3.jar;D:\maven\repository\org\testng\testng\7.1.0\testng-7.1.0.jar;D:\maven\repository\com\beust\jcommander\1.72\jcommander-1.72.jar;D:\maven\repository\com\google\inject\guice\4.1.0\guice-4.1.0-no_aop.jar;D:\maven\repository\javax\inject\javax.inject\1\javax.inject-1.jar;D:\maven\repository\aopalliance\aopalliance\1.0\aopalliance-1.0.jar;D:\maven\repository\org\seleniumhq\selenium\selenium-java\4.1.2\selenium-java-4.1.2.jar;D:\maven\repository\org\seleniumhq\selenium\selenium-api\3.141.59\selenium-api-3.141.59.jar;D:\maven\repository\org\seleniumhq\selenium\selenium-chrome-driver\3.141.59\selenium-chrome-driver-3.141.59.jar;D:\maven\repository\org\apache\commons\commons-exec\1.3\commons-exec-1.3.jar;D:\maven\repository\org\seleniumhq\selenium\selenium-devtools-v85\4.1.2\selenium-devtools-v85-4.1.2.jar;D:\maven\repository\com\google\auto\service\auto-service-annotations\1.0.1\auto-service-annotations-1.0.1.jar;D:\maven\repository\com\google\auto\service\auto-service\1.0.1\auto-service-1.0.1.jar;D:\maven\repository\com\google\auto\auto-common\1.2\auto-common-1.2.jar;D:\maven\repository\org\seleniumhq\selenium\selenium-json\4.1.2\selenium-json-4.1.2.jar;D:\maven\repository\org\seleniumhq\selenium\selenium-devtools-v95\4.1.2\selenium-devtools-v95-4.1.2.jar;D:\maven\repository\org\seleniumhq\selenium\selenium-devtools-v96\4.1.2\selenium-devtools-v96-4.1.2.jar;D:\maven\repository\org\seleniumhq\selenium\selenium-devtools-v97\4.1.2\selenium-devtools-v97-4.1.2.jar;D:\maven\repository\org\seleniumhq\selenium\selenium-edge-driver\3.141.59\selenium-edge-driver-3.141.59.jar;D:\maven\repository\org\seleniumhq\selenium\selenium-firefox-driver\3.141.59\selenium-firefox-driver-3.141.59.jar;D:\maven\repository\org\seleniumhq\selenium\selenium-firefox-xpi-driver\4.1.2\selenium-firefox-xpi-driver-4.1.2.jar;D:\maven\repository\org\seleniumhq\selenium\selenium-ie-driver\3.141.59\selenium-ie-driver-3.141.59.jar;D:\maven\repository\org\seleniumhq\selenium\selenium-opera-driver\3.141.59\selenium-opera-driver-3.141.59.jar;D:\maven\repository\org\seleniumhq\selenium\selenium-remote-driver\3.141.59\selenium-remote-driver-3.141.59.jar;D:\maven\repository\org\seleniumhq\selenium\selenium-safari-driver\3.141.59\selenium-safari-driver-3.141.59.jar;D:\maven\repository\org\seleniumhq\selenium\selenium-support\3.141.59\selenium-support-3.141.59.jar;"/>
    <property name="sun.cpu.endian" value="little"/>
    <property name="user.home" value="C:\Users\cgb"/>
    <property name="user.language" value="zh"/>
    <property name="java.specification.vendor" value="Oracle Corporation"/>
    <property name="java.home" value="C:\Program Files\Java\jdk1.8.0_121\jre"/>
    <property name="basedir" value="F:\git_workspaces\xboot-plus-commercial\xboot-plus-back"/>
    <property name="file.separator" value="\"/>
    <property name="line.separator" value="&#10;"/>
    <property name="java.vm.specification.vendor" value="Oracle Corporation"/>
    <property name="java.specification.name" value="Java Platform API Specification"/>
    <property name="java.awt.graphicsenv" value="sun.awt.Win32GraphicsEnvironment"/>
    <property name="surefire.real.class.path" value="C:\Users\cgb\AppData\Local\Temp\surefire8310752191455194142\surefirebooter6682870629534301100.jar"/>
    <property name="sun.boot.class.path" value="C:\Program Files\Java\jdk1.8.0_121\jre\lib\resources.jar;C:\Program Files\Java\jdk1.8.0_121\jre\lib\rt.jar;C:\Program Files\Java\jdk1.8.0_121\jre\lib\sunrsasign.jar;C:\Program Files\Java\jdk1.8.0_121\jre\lib\jsse.jar;C:\Program Files\Java\jdk1.8.0_121\jre\lib\jce.jar;C:\Program Files\Java\jdk1.8.0_121\jre\lib\charsets.jar;C:\Program Files\Java\jdk1.8.0_121\jre\lib\jfr.jar;C:\Program Files\Java\jdk1.8.0_121\jre\classes"/>
    <property name="user.script" value=""/>
    <property name="sun.management.compiler" value="HotSpot 64-Bit Tiered Compilers"/>
    <property name="java.runtime.version" value="1.8.0_121-b13"/>
    <property name="user.name" value="cgb"/>
    <property name="path.separator" value=";"/>
    <property name="os.version" value="10.0"/>
    <property name="java.endorsed.dirs" value="C:\Program Files\Java\jdk1.8.0_121\jre\lib\endorsed"/>
    <property name="java.runtime.name" value="Java(TM) SE Runtime Environment"/>
    <property name="file.encoding" value="GBK"/>
    <property name="java.vm.name" value="Java HotSpot(TM) 64-Bit Server VM"/>
    <property name="localRepository" value="D:\maven\repository"/>
    <property name="java.vendor.url.bug" value="http://bugreport.sun.com/bugreport/"/>
    <property name="java.io.tmpdir" value="C:\Users\cgb\AppData\Local\Temp\"/>
    <property name="java.version" value="1.8.0_121"/>
    <property name="user.dir" value="F:\git_workspaces\xboot-plus-commercial\xboot-plus-back"/>
    <property name="os.arch" value="amd64"/>
    <property name="java.vm.specification.name" value="Java Virtual Machine Specification"/>
    <property name="java.awt.printerjob" value="sun.awt.windows.WPrinterJob"/>
    <property name="sun.os.patch.level" value=""/>
    <property name="java.library.path" value="C:\Program Files\Java\jdk1.8.0_121\jre\bin;C:\WINDOWS\Sun\Java\bin;C:\WINDOWS\system32;C:\WINDOWS;F:\app\ASUS\product\11.2.0\dbhome_2\bin;C:\ProgramData\Oracle\Java\javapath;F:\app\client\ASUS\product\12.1.0\client_1;F:\app\client\ASUS\product\12.1.0\client_1\bin;C:\Windows\system32;C:\Windows;C:\Windows\System32\Wbem;C:\Windows\System32\WindowsPowerShell\v1.0\;C:\Windows\System32\OpenSSH\;C:\Program Files (x86)\NVIDIA Corporation\PhysX\Common;C:\Program Files\NVIDIA Corporation\NVIDIA NvDLISR;C:\Program Files\Microsoft SQL Server\130\Tools\Binn\;C:\Program Files\PuTTY\;C:\Program Files\dotnet\;F:\app\pdi-ce-9.0.0.0-423\data-integration;F:\app\maven\apache-maven-3.6.3\bin;C:\Program Files\nodejs\;E:\Program Files\TortoiseSVN\bin;C:\Program Files\Java\jdk1.8.0_121\bin;F:\app\Git\cmd;C:\Program Files\TortoiseGit\bin;C:\WINDOWS\system32;C:\WINDOWS;C:\WINDOWS\System32\Wbem;C:\WINDOWS\System32\WindowsPowerShell\v1.0\;C:\WINDOWS\System32\OpenSSH\;C:\oracle;C:\oracle\bin;C:\Users\cgb\AppData\Roaming\npm;C:\Users\cgb\AppData\Local\Microsoft\WindowsApps;;C:\Users\cgb\AppData\Local\Programs\Microsoft VS Code\bin;."/>
    <property name="java.vm.info" value="mixed mode"/>
    <property name="java.vendor" value="Oracle Corporation"/>
    <property name="java.vm.version" value="25.121-b13"/>
    <property name="java.ext.dirs" value="C:\Program Files\Java\jdk1.8.0_121\jre\lib\ext;C:\WINDOWS\Sun\Java\lib\ext"/>
    <property name="sun.io.unicode.encoding" value="UnicodeLittle"/>
    <property name="java.class.version" value="52.0"/>
  </properties>
  <testcase name="passTest" classname="cn.exrick.xboot.TestNGTest" time="0.01"/>
</testsuite>